<?xml version="1.0" encoding="UTF-8"?>
<testsuite xmlns:xsi="http://www.w3.org/2001/XMLSchema-instance" xsi:noNamespaceSchemaLocation="https://maven.apache.org/surefire/maven-surefire-plugin/xsd/surefire-test-report-3.0.xsd" version="3.0" name="com.bupt.ta.model.TAProfileTest" time="0.012" tests="4" errors="0" skipped="0" failures="0">
  <properties>
[...]
</properties>
  <testcase name="gpaIsNullable" classname="com.bupt.ta.model.TAProfileTest" time="0.003"/>
  <testcase name="emptySkillsListIsInitialized" classname="com.bupt.ta.model.TAProfileTest" time="0.002"/>
  <testcase name="canReplaceSkillsList" classname="com.bupt.ta.model.TAProfileTest" time="0.001"/>
  <testcase name="profileFieldsRoundtrip" classname="com.bupt.ta.model.TAProfileTest" time="0.001"/>
</testsuite>